Arguments: 
  D:\nodejs_nvm\node.exe D:\nodejs_nvm\node_global\node_modules\yarn\bin\yarn.js add huksy --save-dev

PATH: 
  C:\Program Files (x86)\Common Files\Oracle\Java\javapath;C:\ProgramData\Oracle\Java\javapath;C:\Windows\system32;C:\Windows;C:\Windows\System32\Wbem;C:\Windows\System32\WindowsPowerShell\v1.0\;C:\Program Files (x86)\NVIDIA Corporation\PhysX\Common;C:\Program Files (x86)\Windows Kits\8.1\Windows Performance Toolkit\;D:\git\Git\cmd;node_global;D:\nvm;D:\nodejs_nvm;D:\nodejs_nvm\node_global\node_modules\yarn\bin;D:\nvm\v14.4.0\node_global;E:\java\java1.8\bin;D:\vscode\Microsoft VS Code\bin;C:\Users\Administrator.DQ05HZE455Q339G\AppData\Local\GitHubDesktop\bin;D:\nginx\nginx-1.16.1;C:\Users\Administrator.DQ05HZE455Q339G\AppData\Roaming\npm

Yarn version: 
  1.22.4

Node version: 
  14.4.0

Platform: 
  win32 x64

Trace: 
  Error: https://registry.npm.taobao.org/huksy: Not found
      at Request.params.callback [as _callback] (D:\nvm\v14.4.0\node_global\node_modules\yarn\lib\cli.js:66987:18)
      at Request.self.callback (D:\nvm\v14.4.0\node_global\node_modules\yarn\lib\cli.js:140748:22)
      at Request.emit (events.js:315:20)
      at Request.<anonymous> (D:\nvm\v14.4.0\node_global\node_modules\yarn\lib\cli.js:141720:10)
      at Request.emit (events.js:315:20)
      at IncomingMessage.<anonymous> (D:\nvm\v14.4.0\node_global\node_modules\yarn\lib\cli.js:141642:12)
      at Object.onceWrapper (events.js:421:28)
      at IncomingMessage.emit (events.js:327:22)
      at endReadableNT (_stream_readable.js:1224:12)
      at processTicksAndRejections (internal/process/task_queues.js:84:21)

npm manifest: 
  {
    "name": "learn-chrome-extension",
    "version": "1.0.0",
    "description": "",
    "main": "index.js",
    "scripts": {
      "commit": "cz"
    },
    "keywords": [
      "chrome-extension"
    ],
    "author": "lky",
    "license": "ISC",
    "devDependencies": {
      "@commitlint/cli": "^9.1.2",
      "@commitlint/config-conventional": "^9.1.2",
      "cz-conventional-changelog": "^3.2.1"
    },
    "config": {
      "commitizen": {
        "path": "./node_modules/cz-conventional-changelog"
      }
    }
  }

yarn manifest: 
  No manifest

Lockfile: 
  No lockfile
